<?xml version="1.0" encoding="utf-8"?><testsuites name="pytest tests"><testsuite name="pytest" errors="0" failures="0" skipped="0" tests="57" time="19.414" timestamp="2026-08-24T20:06:52.432997+00:00" hostname="nf-grc-a4-rocky"><testcase classname="tests.test_false_positive" name="test_design_declares_exactly_one_false_positive" time="0.539" /><testcase classname="tests.test_false_positive" name="test_false_positive_is_marked_not_remediated" time="0.014" /><testcase classname="tests.test_false_positive" name="test_false_positive_records_the_rule_rationale" time="0.001" /><testcase classname="tests.test_false_positive" name="test_false_positive_explains_why_parameterisation_cannot_resolve_it" time="0.001" /><testcase classname="tests.test_false_positive" name="test_false_positive_expects_to_remain_failing" time="0.001" /><testcase classname="tests.test_false_positive" name="test_false_positive_evidence_file_exists" time="0.009" /><testcase classname="tests.test_false_positive" name="test_false_positive_nginx_still_installed[local]" time="0.279" /><testcase classname="tests.test_false_positive" name="test_nginx_still_serving_after_all_remediations[local]" time="0.095" /><testcase classname="tests.test_false_positive" name="test_service_conflict_was_resolved_not_deferred[local]" time="7.079" /><testcase classname="tests.test_false_positive" name="test_hardening_role_never_removes_nginx" time="0.028" /><testcase classname="tests.test_false_positive" name="test_no_task_removes_the_nginx_package" time="0.024" /><testcase classname="tests.test_remediations" name="test_design_declares_at_least_eight_remediations" time="0.002" /><testcase classname="tests.test_remediations" name="test_every_remediation_declares_rollback_and_test" time="0.001" /><testcase classname="tests.test_remediations" name="test_design_records_the_service_conflict" time="0.003" /><testcase classname="tests.test_remediations" name="test_sshd_root_login_disabled[local]" time="0.178" /><testcase classname="tests.test_remediations" name="test_sshd_password_auth_disabled[local]" time="0.002" /><testcase classname="tests.test_remediations" name="test_sshd_empty_passwords_disabled[local]" time="0.002" /><testcase classname="tests.test_remediations" name="test_sshd_dropin_exists_and_is_root_only[local]" time="0.437" /><testcase classname="tests.test_remediations" name="test_sshd_config_is_syntactically_valid[local]" time="0.180" /><testcase classname="tests.test_remediations" name="test_web_content_not_world_writable[local]" time="0.050" /><testcase classname="tests.test_remediations" name="test_web_content_mode_is_exactly_0644[local]" time="0.056" /><testcase classname="tests.test_remediations" name="test_web_content_owner_preserved[local]" time="0.030" /><testcase classname="tests.test_remediations" name="test_web_service_still_responds_after_permission_change[local]" time="0.068" /><testcase classname="tests.test_remediations" name="test_core_dump_hard_limit_set[local]" time="0.057" /><testcase classname="tests.test_remediations" name="test_core_dump_limits_file_ends_with_newline[local]" time="0.026" /><testcase classname="tests.test_remediations" name="test_systemd_coredump_storage_disabled[local]" time="0.029" /><testcase classname="tests.test_remediations" name="test_systemd_coredump_backtraces_disabled[local]" time="0.029" /><testcase classname="tests.test_remediations" name="test_kernel_parameter_runtime_value[local-kernel.randomize_va_space-2]" time="0.151" /><testcase classname="tests.test_remediations" name="test_kernel_parameter_runtime_value[local-net.ipv4.conf.all.accept_redirects-0]" time="0.009" /><testcase classname="tests.test_remediations" name="test_kernel_parameter_runtime_value[local-net.ipv4.conf.all.send_redirects-0]" time="0.003" /><testcase classname="tests.test_remediations" name="test_kernel_parameter_runtime_value[local-net.ipv4.conf.default.accept_redirects-0]" time="0.002" /><testcase classname="tests.test_remediations" name="test_kernel_parameter_runtime_value[local-net.ipv4.conf.default.send_redirects-0]" time="0.003" /><testcase classname="tests.test_remediations" name="test_kernel_parameter_runtime_value[local-net.ipv4.tcp_syncookies-1]" time="0.002" /><testcase classname="tests.test_remediations" name="test_persisted_sysctl_file_is_root_owned[local]" time="0.452" /><testcase classname="tests.test_remediations" name="test_kernel_parameters_are_persisted[local]" time="0.161" /><testcase classname="tests.test_remediations" name="test_accept_redirects_is_persisted_unlike_baseline[local]" time="0.128" /><testcase classname="tests.test_remediations" name="test_login_banner_present[local-/etc/issue]" time="0.054" /><testcase classname="tests.test_remediations" name="test_login_banner_present[local-/etc/issue.net]" time="0.043" /><testcase classname="tests.test_remediations" name="test_login_banner_mode[local-/etc/issue]" time="0.024" /><testcase classname="tests.test_remediations" name="test_login_banner_mode[local-/etc/issue.net]" time="0.029" /><testcase classname="tests.test_remediations" name="test_login_defs_umask[local]" time="0.024" /><testcase classname="tests.test_remediations" name="test_loopback_is_trusted[local]" time="4.439" /><testcase classname="tests.test_remediations" name="test_spoofed_loopback_traffic_is_dropped[local]" time="0.002" /><testcase classname="tests.test_remediations" name="test_no_blanket_loopback_drop_in_the_external_zone[local]" time="0.001" /><testcase classname="tests.test_remediations" name="test_firewall_control_did_not_break_loopback[local]" time="0.447" /><testcase classname="tests.test_remediations" name="test_firewalld_is_running[local]" time="0.080" /><testcase classname="tests.test_service_contract" name="test_contract_file_declares_four_services" time="0.019" /><testcase classname="tests.test_service_contract" name="test_web_service_serves_the_marker[local]" time="0.049" /><testcase classname="tests.test_service_contract" name="test_web_marker_is_not_the_staff_placeholder[local]" time="0.063" /><testcase classname="tests.test_service_contract" name="test_nginx_is_running[local]" time="0.054" /><testcase classname="tests.test_service_contract" name="test_web_content_is_readable_by_the_service_account[local]" time="0.081" /><testcase classname="tests.test_service_contract" name="test_web_content_selinux_context[local]" time="0.032" /><testcase classname="tests.test_service_contract" name="test_audit_daemon_is_active[local]" time="0.082" /><testcase classname="tests.test_service_contract" name="test_time_synchronisation_is_active[local]" time="0.149" /><testcase classname="tests.test_service_contract" name="test_sshd_still_listens_on_the_declared_port[local]" time="0.209" /><testcase classname="tests.test_service_contract" name="test_supplied_contract_script_passes[local]" time="1.037" /><testcase classname="tests.test_service_contract" name="test_no_new_listening_ports_beyond_baseline[local]" time="1.258" /></testsuite></testsuites>