<?xml version="1.0" encoding="utf-8"?><testsuites name="pytest tests"><testsuite name="pytest" errors="0" failures="0" skipped="0" tests="55" time="7.220" timestamp="2026-08-19T08:29:53.252922+00:00" hostname="nf-grc-a4-rocky"><testcase classname="molecule-or-testinfra.test_false_positive" name="test_design_declares_exactly_one_false_positive" time="0.107" /><testcase classname="molecule-or-testinfra.test_false_positive" name="test_false_positive_is_marked_not_remediated" time="0.002" /><testcase classname="molecule-or-testinfra.test_false_positive" name="test_false_positive_records_the_rule_rationale" time="0.001" /><testcase classname="molecule-or-testinfra.test_false_positive" name="test_false_positive_explains_why_parameterisation_cannot_resolve_it" time="0.001" /><testcase classname="molecule-or-testinfra.test_false_positive" name="test_false_positive_expects_to_remain_failing" time="0.002" /><testcase classname="molecule-or-testinfra.test_false_positive" name="test_false_positive_evidence_file_exists" time="0.005" /><testcase classname="molecule-or-testinfra.test_false_positive" name="test_false_positive_nginx_still_installed[local]" time="0.116" /><testcase classname="molecule-or-testinfra.test_false_positive" name="test_nginx_still_serving_after_all_remediations[local]" time="0.060" /><testcase classname="molecule-or-testinfra.test_false_positive" name="test_service_conflict_was_resolved_not_deferred[local]" time="2.866" /><testcase classname="molecule-or-testinfra.test_false_positive" name="test_hardening_role_never_removes_nginx" time="0.006" /><testcase classname="molecule-or-testinfra.test_false_positive" name="test_no_task_removes_the_nginx_package" time="0.005" /><testcase classname="molecule-or-testinfra.test_remediations" name="test_design_declares_at_least_eight_remediations" time="0.003" /><testcase classname="molecule-or-testinfra.test_remediations" name="test_every_remediation_declares_rollback_and_test" time="0.002" /><testcase classname="molecule-or-testinfra.test_remediations" name="test_design_records_the_service_conflict" time="0.002" /><testcase classname="molecule-or-testinfra.test_remediations" name="test_sshd_root_login_disabled[local]" time="0.134" /><testcase classname="molecule-or-testinfra.test_remediations" name="test_sshd_password_auth_disabled[local]" time="0.002" /><testcase classname="molecule-or-testinfra.test_remediations" name="test_sshd_empty_passwords_disabled[local]" time="0.001" /><testcase classname="molecule-or-testinfra.test_remediations" name="test_sshd_dropin_exists_and_is_root_only[local]" time="0.112" /><testcase classname="molecule-or-testinfra.test_remediations" name="test_sshd_config_is_syntactically_valid[local]" time="0.130" /><testcase classname="molecule-or-testinfra.test_remediations" name="test_web_content_not_world_writable[local]" time="0.043" /><testcase classname="molecule-or-testinfra.test_remediations" name="test_web_content_mode_is_exactly_0644[local]" time="0.023" /><testcase classname="molecule-or-testinfra.test_remediations" name="test_web_content_owner_preserved[local]" time="0.024" /><testcase classname="molecule-or-testinfra.test_remediations" name="test_web_service_still_responds_after_permission_change[local]" time="0.035" /><testcase classname="molecule-or-testinfra.test_remediations" name="test_core_dump_hard_limit_set[local]" time="0.036" /><testcase classname="molecule-or-testinfra.test_remediations" name="test_core_dump_limits_file_ends_with_newline[local]" time="0.022" /><testcase classname="molecule-or-testinfra.test_remediations" name="test_systemd_coredump_storage_disabled[local]" time="0.021" /><testcase classname="molecule-or-testinfra.test_remediations" name="test_systemd_coredump_backtraces_disabled[local]" time="0.021" /><testcase classname="molecule-or-testinfra.test_remediations" name="test_kernel_parameter_runtime_value[local-kernel.randomize_va_space-2]" time="0.118" /><testcase classname="molecule-or-testinfra.test_remediations" name="test_kernel_parameter_runtime_value[local-net.ipv4.conf.all.accept_redirects-0]" time="0.004" /><testcase classname="molecule-or-testinfra.test_remediations" name="test_kernel_parameter_runtime_value[local-net.ipv4.conf.all.send_redirects-0]" time="0.002" /><testcase classname="molecule-or-testinfra.test_remediations" name="test_kernel_parameter_runtime_value[local-net.ipv4.conf.default.accept_redirects-0]" time="0.001" /><testcase classname="molecule-or-testinfra.test_remediations" name="test_kernel_parameter_runtime_value[local-net.ipv4.conf.default.send_redirects-0]" time="0.001" /><testcase classname="molecule-or-testinfra.test_remediations" name="test_kernel_parameter_runtime_value[local-net.ipv4.tcp_syncookies-1]" time="0.002" /><testcase classname="molecule-or-testinfra.test_remediations" name="test_kernel_parameters_are_persisted[local]" time="0.125" /><testcase classname="molecule-or-testinfra.test_remediations" name="test_accept_redirects_is_persisted_unlike_baseline[local]" time="0.023" /><testcase classname="molecule-or-testinfra.test_remediations" name="test_login_banner_present[local-/etc/issue]" time="0.036" /><testcase classname="molecule-or-testinfra.test_remediations" name="test_login_banner_present[local-/etc/issue.net]" time="0.033" /><testcase classname="molecule-or-testinfra.test_remediations" name="test_login_banner_mode[local-/etc/issue]" time="0.022" /><testcase classname="molecule-or-testinfra.test_remediations" name="test_login_banner_mode[local-/etc/issue.net]" time="0.026" /><testcase classname="molecule-or-testinfra.test_remediations" name="test_login_defs_umask[local]" time="0.028" /><testcase classname="molecule-or-testinfra.test_remediations" name="test_loopback_is_trusted[local]" time="1.643" /><testcase classname="molecule-or-testinfra.test_remediations" name="test_spoofed_loopback_sources_dropped[local]" time="0.002" /><testcase classname="molecule-or-testinfra.test_remediations" name="test_firewall_control_did_not_break_loopback[local]" time="0.038" /><testcase classname="molecule-or-testinfra.test_remediations" name="test_firewalld_is_running[local]" time="0.059" /><testcase classname="molecule-or-testinfra.test_service_contract" name="test_contract_file_declares_four_services" time="0.015" /><testcase classname="molecule-or-testinfra.test_service_contract" name="test_web_service_serves_the_marker[local]" time="0.039" /><testcase classname="molecule-or-testinfra.test_service_contract" name="test_web_marker_is_not_the_staff_placeholder[local]" time="0.036" /><testcase classname="molecule-or-testinfra.test_service_contract" name="test_nginx_is_running[local]" time="0.039" /><testcase classname="molecule-or-testinfra.test_service_contract" name="test_web_content_is_readable_by_the_service_account[local]" time="0.057" /><testcase classname="molecule-or-testinfra.test_service_contract" name="test_web_content_selinux_context[local]" time="0.023" /><testcase classname="molecule-or-testinfra.test_service_contract" name="test_audit_daemon_is_active[local]" time="0.039" /><testcase classname="molecule-or-testinfra.test_service_contract" name="test_time_synchronisation_is_active[local]" time="0.042" /><testcase classname="molecule-or-testinfra.test_service_contract" name="test_sshd_still_listens_on_the_declared_port[local]" time="0.131" /><testcase classname="molecule-or-testinfra.test_service_contract" name="test_supplied_contract_script_passes[local]" time="0.246" /><testcase classname="molecule-or-testinfra.test_service_contract" name="test_no_new_listening_ports_beyond_baseline[local]" time="0.164" /></testsuite></testsuites>